<?xml version="1.0" encoding="UTF-8"?>
<testng-results skipped="1" failed="0" ignored="0" total="2" passed="1">
  <reporter-output>
  </reporter-output>
  <suite name="Suite" duration-ms="5739" started-at="2021-06-08T19:20:40 EDT" finished-at="2021-06-08T19:20:46 EDT">
    <groups>
    </groups>
    <test name="Test" duration-ms="5739" started-at="2021-06-08T19:20:40 EDT" finished-at="2021-06-08T19:20:46 EDT">
      <class name="com.ebanking.test.scripts.DataDrivenTest">
        <test-method status="PASS" signature="beforeAllTest()[pri:0, instance:com.ebanking.test.scripts.DataDrivenTest@1189dd52]" name="beforeAllTest" is-config="true" duration-ms="2" started-at="2021-06-08T19:20:46 EDT" finished-at="2021-06-08T19:20:46 EDT">
          <reporter-output>
          </reporter-output>
        </test-method> <!-- beforeAllTest -->
        <test-method status="SKIP" signature="logInDDT(java.lang.String,java.lang.String)[pri:0, instance:com.ebanking.test.scripts.DataDrivenTest@1189dd52]" name="logInDDT" duration-ms="0" started-at="2021-06-08T19:20:46 EDT" data-provider="logInData" finished-at="2021-06-08T19:20:46 EDT">
          <exception class="java.lang.RuntimeException">
            <message>
              <![CDATA[java.lang.ArrayIndexOutOfBoundsException: 2]]>
            </message>
            <full-stacktrace>
              <![CDATA[java.lang.RuntimeException: java.lang.ArrayIndexOutOfBoundsException: 2
at org.testng.internal.MethodInvocationHelper.invokeMethodNoCheckedException(MethodInvocationHelper.java:50)
at org.testng.internal.MethodInvocationHelper.invokeDataProvider(MethodInvocationHelper.java:146)
at org.testng.internal.Parameters.handleParameters(Parameters.java:798)
at org.testng.internal.Parameters.handleParameters(Parameters.java:740)
at org.testng.internal.ParameterHandler.handleParameters(ParameterHandler.java:59)
at org.testng.internal.ParameterHandler.createParameters(ParameterHandler.java:38)
at org.testng.internal.TestInvoker$MethodInvocationAgent.invoke(TestInvoker.java:791)
at org.testng.internal.TestInvoker.invokeTestMethods(TestInvoker.java:146)
at org.testng.internal.TestMethodWorker.invokeTestMethods(TestMethodWorker.java:146)
at org.testng.internal.TestMethodWorker.run(TestMethodWorker.java:128)
at java.util.ArrayList.forEach(Unknown Source)
at org.testng.TestRunner.privateRun(TestRunner.java:794)
at org.testng.TestRunner.run(TestRunner.java:596)
at org.testng.SuiteRunner.runTest(SuiteRunner.java:377)
at org.testng.SuiteRunner.runSequentially(SuiteRunner.java:371)
at org.testng.SuiteRunner.privateRun(SuiteRunner.java:332)
at org.testng.SuiteRunner.run(SuiteRunner.java:276)
at org.testng.SuiteRunnerWorker.runSuite(SuiteRunnerWorker.java:53)
at org.testng.SuiteRunnerWorker.run(SuiteRunnerWorker.java:96)
at org.testng.TestNG.runSuitesSequentially(TestNG.java:1212)
at org.testng.TestNG.runSuitesLocally(TestNG.java:1134)
at org.testng.TestNG.runSuites(TestNG.java:1063)
at org.testng.TestNG.run(TestNG.java:1031)
at org.testng.remote.AbstractRemoteTestNG.run(AbstractRemoteTestNG.java:115)
at org.testng.remote.RemoteTestNG.initAndRun(RemoteTestNG.java:251)
at org.testng.remote.RemoteTestNG.main(RemoteTestNG.java:77)
Caused by: java.lang.ArrayIndexOutOfBoundsException: 2
at com.ebanking.test.scripts.DataDrivenTest.getData(DataDrivenTest.java:78)
at sun.reflect.NativeMethodAccessorImpl.invoke0(Native Method)
at sun.reflect.NativeMethodAccessorImpl.invoke(Unknown Source)
at sun.reflect.DelegatingMethodAccessorImpl.invoke(Unknown Source)
at java.lang.reflect.Method.invoke(Unknown Source)
at org.testng.internal.MethodInvocationHelper.invokeMethod(MethodInvocationHelper.java:133)
at org.testng.internal.MethodInvocationHelper.invokeMethod(MethodInvocationHelper.java:77)
at org.testng.internal.MethodInvocationHelper.invokeMethodNoCheckedException(MethodInvocationHelper.java:46)
... 25 more
]]>
            </full-stacktrace>
          </exception> <!-- java.lang.RuntimeException -->
          <reporter-output>
          </reporter-output>
        </test-method> <!-- logInDDT -->
        <test-method status="PASS" signature="afterAllTest()[pri:0, instance:com.ebanking.test.scripts.DataDrivenTest@1189dd52]" name="afterAllTest" is-config="true" duration-ms="1" started-at="2021-06-08T19:20:46 EDT" finished-at="2021-06-08T19:20:46 EDT">
          <reporter-output>
          </reporter-output>
        </test-method> <!-- afterAllTest -->
      </class> <!-- com.ebanking.test.scripts.DataDrivenTest -->
      <class name="com.ebanking.test.scripts.LogIn_test">
        <test-method status="PASS" signature="beforeAllTest()[pri:0, instance:com.ebanking.test.scripts.LogIn_test@7e07db1f]" name="beforeAllTest" is-config="true" duration-ms="17" started-at="2021-06-08T19:20:40 EDT" finished-at="2021-06-08T19:20:40 EDT">
          <reporter-output>
          </reporter-output>
        </test-method> <!-- beforeAllTest -->
        <test-method status="PASS" signature="set_Up()[pri:0, instance:com.ebanking.test.scripts.LogIn_test@7e07db1f]" name="set_Up" is-config="true" duration-ms="2547" started-at="2021-06-08T19:20:40 EDT" finished-at="2021-06-08T19:20:43 EDT">
          <reporter-output>
          </reporter-output>
        </test-method> <!-- set_Up -->
        <test-method status="PASS" signature="loginTest()[pri:0, instance:com.ebanking.test.scripts.LogIn_test@7e07db1f]" name="loginTest" duration-ms="1677" started-at="2021-06-08T19:20:43 EDT" finished-at="2021-06-08T19:20:45 EDT">
          <reporter-output>
          </reporter-output>
        </test-method> <!-- loginTest -->
        <test-method status="PASS" signature="tearDown()[pri:0, instance:com.ebanking.test.scripts.LogIn_test@7e07db1f]" name="tearDown" is-config="true" duration-ms="122" started-at="2021-06-08T19:20:45 EDT" finished-at="2021-06-08T19:20:45 EDT">
          <reporter-output>
          </reporter-output>
        </test-method> <!-- tearDown -->
        <test-method status="PASS" signature="afterAllTest()[pri:0, instance:com.ebanking.test.scripts.LogIn_test@7e07db1f]" name="afterAllTest" is-config="true" duration-ms="680" started-at="2021-06-08T19:20:45 EDT" finished-at="2021-06-08T19:20:46 EDT">
          <reporter-output>
          </reporter-output>
        </test-method> <!-- afterAllTest -->
      </class> <!-- com.ebanking.test.scripts.LogIn_test -->
    </test> <!-- Test -->
  </suite> <!-- Suite -->
</testng-results>
